#
# A fatal error has been detected by the Java Runtime Environment:
#
#  Internal Error (javaClasses.cpp:129), pid=1444, tid=2852
#  fatal error: Invalid layout of preloaded class
#
# JRE version: 7.0_21-b11
# Java VM: Java HotSpot(TM) Client VM (23.21-b01 mixed mode windows-x86 )
# Failed to write core dump. Minidumps are not enabled by default on client versions of Windows
#
# If you would like to submit a bug report, please visit:
#   http://bugreport.sun.com/bugreport/crash.jsp
#

---------------  T H R E A D  ---------------

Current thread (0x009fac00):  JavaThread "Unknown thread" [_thread_in_vm, id=2852, stack(0x00250000,0x002a0000)]

Stack: [0x00250000,0x002a0000],  sp=0x0029f448,  free space=317k
Native frames: (J=compiled Java code, j=interpreted, Vv=VM code, C=native code)
V  [jvm.dll+0x170511]
V  [jvm.dll+0x16a6b6]
V  [jvm.dll+0x2082f]
V  [jvm.dll+0x208b6]
V  [jvm.dll+0x2e5dd]
V  [jvm.dll+0x2e889]
V  [jvm.dll+0x77bd1]
V  [jvm.dll+0x77f8b]
V  [jvm.dll+0x12a1b1]
V  [jvm.dll+0x14ac6a]
V  [jvm.dll+0xa9eef]
C  [javaw.exe+0x13ca]
C  [javaw.exe+0x1e3c]
C  [javaw.exe+0xa5b1]
C  [javaw.exe+0xa63b]
C  [kernel32.dll+0x133aa]  BaseThreadInitThunk+0x12
C  [ntdll.dll+0x39ef2]  RtlInitializeExceptionChain+0x63
C  [ntdll.dll+0x39ec5]  RtlInitializeExceptionChain+0x36


---------------  P R O C E S S  ---------------

Java Threads: ( => current thread )

Other Threads:

=>0x009fac00 (exited) JavaThread "Unknown thread" [_thread_in_vm, id=2852, stack(0x00250000,0x002a0000)]

VM state:not at safepoint (not fully initialized)

VM Mutex/Monitor currently owned by a thread: None

GC Heap History (0 events):
No events

Deoptimization events (0 events):
No events

Internal exceptions (0 events):
No events

Events (10 events):
Event: 0.043 loading class 0x00373120
Event: 0.044 loading class 0x00373120 done
Event: 0.045 loading class 0x00373170
Event: 0.045 loading class 0x00373b68
Event: 0.045 loading class 0x00373b68 done
Event: 0.045 loading class 0x00398968
Event: 0.046 loading class 0x00398968 done
Event: 0.046 loading class 0x00373170 done
Event: 0.046 loading class 0x00373148
Event: 0.046 loading class 0x00373148 done


Dynamic libraries:
0x00a90000 - 0x00abf000 	C:\Program Files (x86)\Java\jre7\bin\javaw.exe
0x77d50000 - 0x77ed0000 	C:\Windows\SysWOW64\ntdll.dll
0x755d0000 - 0x756e0000 	C:\Windows\syswow64\kernel32.dll
0x75840000 - 0x75887000 	C:\Windows\syswow64\KERNELBASE.dll
0x75530000 - 0x755d0000 	C:\Windows\syswow64\ADVAPI32.dll
0x77060000 - 0x7710c000 	C:\Windows\syswow64\msvcrt.dll
0x75bc0000 - 0x75bd9000 	C:\Windows\SysWOW64\sechost.dll
0x75ad0000 - 0x75bc0000 	C:\Windows\syswow64\RPCRT4.dll
0x75430000 - 0x75490000 	C:\Windows\syswow64\SspiCli.dll
0x75420000 - 0x7542c000 	C:\Windows\syswow64\CRYPTBASE.dll
0x77160000 - 0x77260000 	C:\Windows\syswow64\USER32.dll
0x75be0000 - 0x75c70000 	C:\Windows\syswow64\GDI32.dll
0x75820000 - 0x7582a000 	C:\Windows\syswow64\LPK.dll
0x75890000 - 0x7592d000 	C:\Windows\syswow64\USP10.dll
0x73c30000 - 0x73dce000 	C:\Windows\WinSxS\x86_microsoft.windows.common-controls_6595b64144ccf1df_6.0.7601.17514_none_41e6975e2bd6f2b2\COMCTL32.dll
0x75d90000 - 0x75de7000 	C:\Windows\syswow64\SHLWAPI.dll
0x76fa0000 - 0x77000000 	C:\Windows\system32\IMM32.DLL
0x76aa0000 - 0x76b6c000 	C:\Windows\syswow64\MSCTF.dll
0x67700000 - 0x677be000 	C:\Program Files (x86)\Java\jre7\bin\msvcr100.dll
0x67a60000 - 0x67daf000 	C:\Program Files (x86)\Java\jre7\bin\client\jvm.dll
0x74ba0000 - 0x74ba7000 	C:\Windows\system32\WSOCK32.dll
0x77450000 - 0x77485000 	C:\Windows\syswow64\WS2_32.dll
0x77d20000 - 0x77d26000 	C:\Windows\syswow64\NSI.dll
0x70e40000 - 0x70e72000 	C:\Windows\system32\WINMM.dll
0x75490000 - 0x75495000 	C:\Windows\syswow64\PSAPI.DLL
0x745f0000 - 0x745fc000 	C:\Program Files (x86)\Java\jre7\bin\verify.dll
0x6cb60000 - 0x6cb80000 	C:\Program Files (x86)\Java\jre7\bin\java.dll
0x6c9f0000 - 0x6ca03000 	C:\Program Files (x86)\Java\jre7\bin\zip.dll
0x67450000 - 0x6753b000 	C:\Windows\system32\dbghelp.dll

VM Arguments:
jvm_args: -Dfile.encoding=Cp1252 -Xbootclasspath:C:\Program Files (x86)\leJOS NXJ\lib\nxt\classes.jar 
java_command: movimenta.Pontos
Launcher Type: SUN_STANDARD

Environment Variables:
PATH=C:/Program Files (x86)/Java/jre7/bin/client;C:/Program Files (x86)/Java/jre7/bin;C:/Program Files (x86)/Java/jre7/lib/i386;c:\Program Files (x86)\AMD APP\bin\x86_64;c:\Program Files (x86)\AMD APP\bin\x86;C:\Windows\system32;C:\Windows;C:\Windows\System32\Wbem;C:\Windows\System32\WindowsPowerShell\v1.0\;c:\Program Files (x86)\ATI Technologies\ATI.ACE\Core-Static;C:\Program Files (x86)\Common Files\Roxio Shared\DLLShared\;C:\Program Files (x86)\Common Files\Roxio Shared\OEM\DLLShared\;C:\Program Files (x86)\Common Files\Roxio Shared\OEM\DLLShared\;C:\Program Files (x86)\Common Files\Roxio Shared\OEM\12.0\DLLShared\;C:\Program Files (x86)\Roxio\OEM\AudioCore\;C:\Program Files (x86)\MKVToolNix;C:\Program Files (x86)\leJOS NXJ\bin;C:\VXIPNP\WinNT\Bin;E:\unb\eclipse-java-indigo-SR2-win32 (2)\eclipse;
USERNAME=Rodolfo_Gabriel
OS=Windows_NT
PROCESSOR_IDENTIFIER=Intel64 Family 6 Model 42 Stepping 7, GenuineIntel



---------------  S Y S T E M  ---------------

OS: Windows 7 , 64 bit Build 7601 Service Pack 1

CPU:total 4 (2 cores per cpu, 2 threads per core) family 6 model 42 stepping 7, cmov, cx8, fxsr, mmx, sse, sse2, sse3, ssse3, sse4.1, sse4.2, popcnt, avx, ht, tsc, tscinvbit

Memory: 4k page, physical 6183084k(4316792k free), swap 12364308k(10234944k free)

vm_info: Java HotSpot(TM) Client VM (23.21-b01) for windows-x86 JRE (1.7.0_21-b11), built on Apr  4 2013 04:43:10 by "java_re" with unknown MS VC++:1600

time: Fri Jul 05 08:31:20 2013
elapsed time: 0 seconds

