#
# A fatal error has been detected by the Java Runtime Environment:
#
#  Internal Error (javaClasses.cpp:129), pid=7400, tid=1784
#  fatal error: Invalid layout of preloaded class
#
# JRE version: 7.0_21-b11
# Java VM: Java HotSpot(TM) Client VM (23.21-b01 mixed mode windows-x86 )
# Failed to write core dump. Minidumps are not enabled by default on client versions of Windows
#
# If you would like to submit a bug report, please visit:
#   http://bugreport.sun.com/bugreport/crash.jsp
#

---------------  T H R E A D  ---------------

Current thread (0x00feac00):  JavaThread "Unknown thread" [_thread_in_vm, id=1784, stack(0x00960000,0x009b0000)]

Stack: [0x00960000,0x009b0000],  sp=0x009af68c,  free space=317k
Native frames: (J=compiled Java code, j=interpreted, Vv=VM code, C=native code)
V  [jvm.dll+0x170511]
V  [jvm.dll+0x16a6b6]
V  [jvm.dll+0x2082f]
V  [jvm.dll+0x208b6]
V  [jvm.dll+0x2e5dd]
V  [jvm.dll+0x2e889]
V  [jvm.dll+0x77bd1]
V  [jvm.dll+0x77f8b]
V  [jvm.dll+0x12a1b1]
V  [jvm.dll+0x14ac6a]
V  [jvm.dll+0xa9eef]
C  [javaw.exe+0x13ca]
C  [javaw.exe+0x1e3c]
C  [javaw.exe+0xa5b1]
C  [javaw.exe+0xa63b]
C  [kernel32.dll+0x133aa]  BaseThreadInitThunk+0x12
C  [ntdll.dll+0x39ef2]  RtlInitializeExceptionChain+0x63
C  [ntdll.dll+0x39ec5]  RtlInitializeExceptionChain+0x36


---------------  P R O C E S S  ---------------

Java Threads: ( => current thread )

Other Threads:

=>0x00feac00 (exited) JavaThread "Unknown thread" [_thread_in_vm, id=1784, stack(0x00960000,0x009b0000)]

VM state:not at safepoint (not fully initialized)

VM Mutex/Monitor currently owned by a thread: None

GC Heap History (0 events):
No events

Deoptimization events (0 events):
No events

Internal exceptions (0 events):
No events

Events (10 events):
Event: 0.011 loading class 0x00873120
Event: 0.011 loading class 0x00873120 done
Event: 0.011 loading class 0x00873170
Event: 0.012 loading class 0x00873b68
Event: 0.012 loading class 0x00873b68 done
Event: 0.012 loading class 0x00898968
Event: 0.012 loading class 0x00898968 done
Event: 0.012 loading class 0x00873170 done
Event: 0.012 loading class 0x00873148
Event: 0.012 loading class 0x00873148 done


Dynamic libraries:
0x01290000 - 0x012bf000 	C:\Program Files (x86)\Java\jre7\bin\javaw.exe
0x77330000 - 0x774b0000 	C:\Windows\SysWOW64\ntdll.dll
0x75810000 - 0x75920000 	C:\Windows\syswow64\kernel32.dll
0x75bb0000 - 0x75bf7000 	C:\Windows\syswow64\KERNELBASE.dll
0x76440000 - 0x764e0000 	C:\Windows\syswow64\ADVAPI32.dll
0x75ab0000 - 0x75b5c000 	C:\Windows\syswow64\msvcrt.dll
0x75b90000 - 0x75ba9000 	C:\Windows\SysWOW64\sechost.dll
0x74a70000 - 0x74b60000 	C:\Windows\syswow64\RPCRT4.dll
0x74a10000 - 0x74a70000 	C:\Windows\syswow64\SspiCli.dll
0x74a00000 - 0x74a0c000 	C:\Windows\syswow64\CRYPTBASE.dll
0x76180000 - 0x76280000 	C:\Windows\syswow64\USER32.dll
0x76580000 - 0x76610000 	C:\Windows\syswow64\GDI32.dll
0x75da0000 - 0x75daa000 	C:\Windows\syswow64\LPK.dll
0x75ed0000 - 0x75f6d000 	C:\Windows\syswow64\USP10.dll
0x73210000 - 0x733ae000 	C:\Windows\WinSxS\x86_microsoft.windows.common-controls_6595b64144ccf1df_6.0.7601.17514_none_41e6975e2bd6f2b2\COMCTL32.dll
0x75930000 - 0x75987000 	C:\Windows\syswow64\SHLWAPI.dll
0x76a10000 - 0x76a70000 	C:\Windows\system32\IMM32.DLL
0x75ff0000 - 0x760bc000 	C:\Windows\syswow64\MSCTF.dll
0x52510000 - 0x525ce000 	C:\Program Files (x86)\Java\jre7\bin\msvcr100.dll
0x65ac0000 - 0x65e0f000 	C:\Program Files (x86)\Java\jre7\bin\client\jvm.dll
0x6e790000 - 0x6e797000 	C:\Windows\system32\WSOCK32.dll
0x76140000 - 0x76175000 	C:\Windows\syswow64\WS2_32.dll
0x75800000 - 0x75806000 	C:\Windows\syswow64\NSI.dll
0x71170000 - 0x711a2000 	C:\Windows\system32\WINMM.dll
0x77300000 - 0x77305000 	C:\Windows\syswow64\PSAPI.DLL
0x68fa0000 - 0x68fac000 	C:\Program Files (x86)\Java\jre7\bin\verify.dll
0x68cc0000 - 0x68ce0000 	C:\Program Files (x86)\Java\jre7\bin\java.dll
0x68ca0000 - 0x68cb3000 	C:\Program Files (x86)\Java\jre7\bin\zip.dll
0x54ad0000 - 0x54bbb000 	C:\Windows\system32\dbghelp.dll

VM Arguments:
jvm_args: -Dfile.encoding=Cp1252 -Xbootclasspath:C:\Program Files (x86)\leJOS NXJ\lib\nxt\classes.jar 
java_command: movimenta.Pontos
Launcher Type: SUN_STANDARD

Environment Variables:
PATH=C:/Program Files (x86)/Java/jre7/bin/client;C:/Program Files (x86)/Java/jre7/bin;C:/Program Files (x86)/Java/jre7/lib/i386;c:\Program Files (x86)\AMD APP\bin\x86_64;c:\Program Files (x86)\AMD APP\bin\x86;C:\Windows\system32;C:\Windows;C:\Windows\System32\Wbem;C:\Windows\System32\WindowsPowerShell\v1.0\;c:\Program Files (x86)\ATI Technologies\ATI.ACE\Core-Static;C:\Program Files (x86)\Common Files\Roxio Shared\DLLShared\;C:\Program Files (x86)\Common Files\Roxio Shared\OEM\DLLShared\;C:\Program Files (x86)\Common Files\Roxio Shared\OEM\DLLShared\;C:\Program Files (x86)\Common Files\Roxio Shared\OEM\12.0\DLLShared\;C:\Program Files (x86)\Roxio\OEM\AudioCore\;C:\Program Files (x86)\MKVToolNix;C:\Program Files (x86)\leJOS NXJ\bin;C:\VXIPNP\WinNT\Bin;E:\unb\eclipse-java-indigo-SR2-win32 (2)\eclipse;
USERNAME=Rodolfo_Gabriel
OS=Windows_NT
PROCESSOR_IDENTIFIER=Intel64 Family 6 Model 42 Stepping 7, GenuineIntel



---------------  S Y S T E M  ---------------

OS: Windows 7 , 64 bit Build 7601 Service Pack 1

CPU:total 4 (2 cores per cpu, 2 threads per core) family 6 model 42 stepping 7, cmov, cx8, fxsr, mmx, sse, sse2, sse3, ssse3, sse4.1, sse4.2, popcnt, avx, ht, tsc, tscinvbit

Memory: 4k page, physical 6183084k(3720400k free), swap 12364308k(9523268k free)

vm_info: Java HotSpot(TM) Client VM (23.21-b01) for windows-x86 JRE (1.7.0_21-b11), built on Apr  4 2013 04:43:10 by "java_re" with unknown MS VC++:1600

time: Wed Jun 19 09:25:15 2013
elapsed time: 0 seconds

